<?xml version="1.0" encoding="UTF-8"?>
<!-- Generated by org.testng.reporters.JUnitReportReporter -->
<testsuite skipped="0" hostname="WDFN34362767A" name="com.sap.mdmorchestration.testScripts.DistributionFilterPage.SubscriptionDistributionListTest" tests="1" failures="0" timestamp="03 Sep 2018 12:47:16 GMT" time="33.246" errors="0">
  <testcase name="testSubscriptionDistributionList" time="33.246" classname="com.sap.mdmorchestration.testScripts.DistributionFilterPage.SubscriptionDistributionListTest"/>
</testsuite> <!-- com.sap.mdmorchestration.testScripts.DistributionFilterPage.SubscriptionDistributionListTest -->
