<?xml version="1.0" encoding="UTF-8"?>
<!-- Generated by org.testng.reporters.JUnitReportReporter -->
<testsuite skipped="0" hostname="WDFN34362767A" name="ta.mdmorchestration.logAndReports.ExtentReport" tests="3" failures="0" timestamp="17 Aug 2018 10:50:10 GMT" time="0.016" errors="0">
  <testcase name="test1" time="0.000" classname="ta.mdmorchestration.logAndReports.ExtentReport"/>
  <testcase name="test2" time="0.000" classname="ta.mdmorchestration.logAndReports.ExtentReport"/>
  <testcase name="test3" time="0.016" classname="ta.mdmorchestration.logAndReports.ExtentReport"/>
</testsuite> <!-- ta.mdmorchestration.logAndReports.ExtentReport -->
