<?xml version="1.0" encoding="UTF-8"?>
<!-- Generated by org.testng.reporters.JUnitReportReporter -->
<testsuite skipped="0" hostname="WDFN34362767A" name="com.sap.mdmorchestration.testScripts.loginPage.LoginTest" tests="1" failures="0" timestamp="29 Aug 2018 07:57:01 GMT" time="21.544" errors="0">
  <testcase name="testLoginToApplication" time="21.544" classname="com.sap.mdmorchestration.testScripts.loginPage.LoginTest"/>
</testsuite> <!-- com.sap.mdmorchestration.testScripts.loginPage.LoginTest -->
