<?xml version="1.0" encoding="UTF-8"?>
<!-- Generated by org.testng.reporters.JUnitReportReporter -->
<testsuite skipped="0" hostname="WDFN34362767A" name="com.sap.mdmorchestration.helper.alert.A" tests="1" failures="0" timestamp="22 Aug 2018 11:27:53 GMT" time="0.535" errors="0">
  <testcase name="testLoginA" time="0.535" classname="com.sap.mdmorchestration.helper.alert.A"/>
</testsuite> <!-- com.sap.mdmorchestration.helper.alert.A -->
