<?xml version="1.0" encoding="UTF-8"?>
<!-- Generated by org.testng.reporters.JUnitReportReporter -->
<testsuite skipped="0" hostname="WDFN34362767A" name="com.sap.mdmorchestration.helper.logger.LoggerHelper" tests="1" failures="0" timestamp="17 Aug 2018 10:51:02 GMT" time="0.052" errors="0">
  <testcase name="test" time="0.052" classname="com.sap.mdmorchestration.helper.logger.LoggerHelper"/>
</testsuite> <!-- com.sap.mdmorchestration.helper.logger.LoggerHelper -->
