<?xml version="1.0" encoding="UTF-8"?>
<!-- Generated by org.testng.reporters.JUnitReportReporter -->
<testsuite skipped="0" hostname="WDFN34362767A" name="ta.mdmorchestration.logAndReports.LoggerTest" tests="1" failures="0" timestamp="16 Aug 2018 13:08:43 GMT" time="0.007" errors="0">
  <testcase name="testLogger" time="0.007" classname="ta.mdmorchestration.logAndReports.LoggerTest"/>
</testsuite> <!-- ta.mdmorchestration.logAndReports.LoggerTest -->
