<?xml version="1.0" encoding="UTF-8"?>
<!-- Generated by org.testng.reporters.JUnitReportReporter -->
<testsuite skipped="0" hostname="WDFN34362767A" name="com.sap.mdmorchestration.testScripts.TestScreenShot" tests="1" failures="0" timestamp="22 Aug 2018 11:27:53 GMT" time="1.530" errors="0">
  <testcase name="testScreen" time="1.530" classname="com.sap.mdmorchestration.testScripts.TestScreenShot"/>
</testsuite> <!-- com.sap.mdmorchestration.testScripts.TestScreenShot -->
